Using pre-set license
Built from '2020.3/staging' branch; Version is '2020.3.10f1 (297d780c91bc) revision 2719096'; Using compiler version '192528614'; Build Type 'Release'
OS: 'Windows 10 Pro; OS build 18363.1440; Version 1909; 64bit' Language: 'ko' Physical Memory: 32636 MB
BatchMode: 1, IsHumanControllingUs: 0, StartBugReporterOnCrash: 0, Is64bit: 1, IsPro: 0

 COMMAND LINE ARGUMENTS:
C:\UnityEditor\2020.3.10f1\Editor\Unity.exe
-adb2
-batchMode
-noUpm
-name
AssetImportWorker0
-projectPath
C:/UnityProject/17.SmartJamboreesAR/RecordingScreen
-logFile
Logs/AssetImportWorker0.log
-srvPort
8655
Successfully changed project path to: C:/UnityProject/17.SmartJamboreesAR/RecordingScreen
C:/UnityProject/17.SmartJamboreesAR/RecordingScreen
Using Asset Import Pipeline V2.
Refreshing native plugins compatible for Editor in 39.85 ms, found 3 plugins.
Preloading 0 native plugins for Editor in 0.00 ms.
Initialize engine version: 2020.3.10f1 (297d780c91bc)
[Subsystems] Discovering subsystems at path C:/UnityEditor/2020.3.10f1/Editor/Data/Resources/UnitySubsystems
[Subsystems] Discovering subsystems at path C:/UnityProject/17.SmartJamboreesAR/RecordingScreen/Assets
GfxDevice: creating device client; threaded=0
Direct3D:
    Version:  Direct3D 11.0 [level 11.1]
    Renderer: NVIDIA GeForce RTX 2070 with Max-Q Design (ID=0x1f14)
    Vendor:   
    VRAM:     8031 MB
    Driver:   27.21.14.6275
Initialize mono
Mono path[0] = 'C:/UnityEditor/2020.3.10f1/Editor/Data/Managed'
Mono path[1] = 'C:/UnityEditor/2020.3.10f1/Editor/Data/MonoBleedingEdge/lib/mono/unityjit'
Mono config path = 'C:/UnityEditor/2020.3.10f1/Editor/Data/MonoBleedingEdge/etc'
Using monoOptions --debugger-agent=transport=dt_socket,embedding=1,server=y,suspend=n,address=127.0.0.1:56044
Begin MonoManager ReloadAssembly
Registering precompiled unity dll's ...
Register platform support module: C:/UnityEditor/2020.3.10f1/Editor/Data/PlaybackEngines/WindowsStandaloneSupport/UnityEditor.WindowsStandalone.Extensions.dll
Registered in 0.002389 seconds.
Native extension for WindowsStandalone target not found
Refreshing native plugins compatible for Editor in 25.93 ms, found 3 plugins.
Preloading 0 native plugins for Editor in 0.00 ms.
Mono: successfully reloaded assembly
- Completed reload, in  1.893 seconds
Platform modules already initialized, skipping
Registering precompiled user dll's ...
Registered in 0.005395 seconds.
Begin MonoManager ReloadAssembly
Native extension for WindowsStandalone target not found
Refreshing native plugins compatible for Editor in 0.31 ms, found 3 plugins.
Preloading 0 native plugins for Editor in 0.00 ms.
Mono: successfully reloaded assembly
- Completed reload, in  0.933 seconds
Platform modules already initialized, skipping
========================================================================
Worker process is ready to serve import requests
Launched and connected shader compiler UnityShaderCompiler.exe after 0.05 seconds
Refreshing native plugins compatible for Editor in 0.43 ms, found 3 plugins.
Preloading 0 native plugins for Editor in 0.00 ms.
Unloading 1425 Unused Serialized files (Serialized files now loaded: 0)
System memory in use before: 65.8 MB.
System memory in use after: 65.8 MB.

Unloading 26 unused Assets to reduce memory usage. Loaded Objects now: 1851.
Total: 2.827800 ms (FindLiveObjects: 0.265700 ms CreateObjectMapping: 0.079200 ms MarkObjects: 2.384800 ms  DeleteObjects: 0.096900 ms)

========================================================================
Received Import Request.
  path: Assets/ReplayKitTest.cs
  artifactKey: Guid(4a92d6c916bca1e45a50b7c5ed403de0) Importer(815301076,1909f56bfc062723c751e8b465ee728b)
Start importing Assets/ReplayKitTest.cs using Guid(4a92d6c916bca1e45a50b7c5ed403de0) Importer(815301076,1909f56bfc062723c751e8b465ee728b)  -> (artifact id: '6a3773219cc34b0c35dfe04f1ce4df7c') in 0.050402 seconds
  Import took 0.052822 seconds .

========================================================================
Received Prepare
Registering precompiled user dll's ...
Registered in 0.005364 seconds.
Begin MonoManager ReloadAssembly
Native extension for WindowsStandalone target not found
Refreshing native plugins compatible for Editor in 0.30 ms, found 3 plugins.
Preloading 0 native plugins for Editor in 0.00 ms.
Mono: successfully reloaded assembly
- Completed reload, in  0.824 seconds
Platform modules already initialized, skipping
Switching build target platform(19) subTarget(0) extendedPlatform(0) -> platform(13) subTarget(537395200) extendedPlatform(0)
Refreshing native plugins compatible for Editor in 0.30 ms, found 3 plugins.
Preloading 0 native plugins for Editor in 0.00 ms.
Unloading 1422 Unused Serialized files (Serialized files now loaded: 0)
System memory in use before: 65.6 MB.
System memory in use after: 65.6 MB.

Unloading 21 unused Assets to reduce memory usage. Loaded Objects now: 1854.
Total: 1.660400 ms (FindLiveObjects: 0.119500 ms CreateObjectMapping: 0.038200 ms MarkObjects: 1.420900 ms  DeleteObjects: 0.081300 ms)

AssetImportParameters requested are different than current active one (requested -> active):
  custom:graphics/normal-map-encoding: 01000000000000000000000000000000 -> 02000000000000000000000000000000
========================================================================
Received Import Request.
  Time since last request: 3344.709859 seconds.
  path: Assets/ReplayKitTest.cs
  artifactKey: Guid(4a92d6c916bca1e45a50b7c5ed403de0) Importer(815301076,1909f56bfc062723c751e8b465ee728b)
Start importing Assets/ReplayKitTest.cs using Guid(4a92d6c916bca1e45a50b7c5ed403de0) Importer(815301076,1909f56bfc062723c751e8b465ee728b)  -> (artifact id: '991ffc5829f4d43bbf772fc96b52f7ce') in 0.005546 seconds
  Import took 0.007433 seconds .

AssetImportWorkerClient::OnTransportError - code=2 error=End of file
